<?xml version="1.0" encoding="UTF-8"?>
<!-- Generated by org.testng.reporters.JUnitReportReporter -->
<testsuite hostname="pc" failures="0" tests="4" name="api.test.UserTests" time="9.664" errors="0" timestamp="2025-08-16T12:30:53 IST" skipped="0">
  <testcase classname="api.test.UserTests" name="testPostUser" time="3.896"/>
  <testcase classname="api.test.UserTests" name="testGetUserByName" time="1.481"/>
  <testcase classname="api.test.UserTests" name="testUpdateUserByName" time="2.877"/>
  <testcase classname="api.test.UserTests" name="testDeleteUserByName" time="1.410"/>
</testsuite> <!-- api.test.UserTests -->
