<?xml version="1.0" encoding="UTF-8"?>
<!-- Generated by org.testng.reporters.JUnitReportReporter -->
<testsuite hostname="pc" failures="0" tests="4" name="api.test.UserTests1" time="9.558" errors="0" timestamp="2025-08-16T14:58:36 IST" skipped="0">
  <testcase classname="api.test.UserTests1" name="testPostUser" time="3.759"/>
  <testcase classname="api.test.UserTests1" name="testGetUserByName" time="1.504"/>
  <testcase classname="api.test.UserTests1" name="testUpdateUserByName" time="2.891"/>
  <testcase classname="api.test.UserTests1" name="testDeleteUserByName" time="1.404"/>
</testsuite> <!-- api.test.UserTests1 -->
